# JRE version: Java(TM) SE Runtime Environment (8.0_25-b18) (build 1.8.0_25-b18)
# Java VM: Java HotSpot(TM) Client VM (25.25-b02 mixed mode windows-x86 )
Heap:
 def new generation   total 4928K, used 801K [0x04600000, 0x04b50000, 0x09b50000)
  eden space 4416K,  18% used [0x04600000, 0x046c6c00, 0x04a50000)
  from space 512K,   1% used [0x04ad0000, 0x04ad18d0, 0x04b50000)
  to   space 512K,   0% used [0x04a50000, 0x04a50000, 0x04ad0000)
 tenured generation   total 10944K, used 634K [0x09b50000, 0x0a600000, 0x14600000)
   the space 10944K,   5% used [0x09b50000, 0x09bee938, 0x09beea00, 0x0a600000)
 Metaspace       used 2042K, capacity 2472K, committed 2496K, reserved 4480K
GC Heap History (10 events):
Event: 33.268 GC heap before
{Heap before GC invocations=16 (full 0):
 def new generation   total 4928K, used 4427K [0x04600000, 0x04b50000, 0x09b50000)
  eden space 4416K, 100% used [0x04600000, 0x04a50000, 0x04a50000)
  from space 512K,   2% used [0x04a50000, 0x04a52eb0, 0x04ad0000)
  to   space 512K,   0% used [0x04ad0000, 0x04ad0000, 0x04b50000)
 tenured generation   total 10944K, used 626K [0x09b50000, 0x0a600000, 0x14600000)
   the space 10944K,   5% used [0x09b50000, 0x09becab8, 0x09becc00, 0x0a600000)
 Metaspace       used 2042K, capacity 2472K, committed 2496K, reserved 4480K
Event: 33.269 GC heap after
Heap after GC invocations=17 (full 0):
 def new generation   total 4928K, used 11K [0x04600000, 0x04b50000, 0x09b50000)
  eden space 4416K,   0% used [0x04600000, 0x04600000, 0x04a50000)
  from space 512K,   2% used [0x04ad0000, 0x04ad2cf8, 0x04b50000)
  to   space 512K,   0% used [0x04a50000, 0x04a50000, 0x04ad0000)
 tenured generation   total 10944K, used 626K [0x09b50000, 0x0a600000, 0x14600000)
   the space 10944K,   5% used [0x09b50000, 0x09becb20, 0x09becc00, 0x0a600000)
 Metaspace       used 2042K, capacity 2472K, committed 2496K, reserved 4480K
}
Event: 34.140 GC heap before
{Heap before GC invocations=17 (full 0):
 def new generation   total 4928K, used 4427K [0x04600000, 0x04b50000, 0x09b50000)
  eden space 4416K, 100% used [0x04600000, 0x04a50000, 0x04a50000)
  from space 512K,   2% used [0x04ad0000, 0x04ad2cf8, 0x04b50000)
  to   space 512K,   0% used [0x04a50000, 0x04a50000, 0x04ad0000)
 tenured generation   total 10944K, used 626K [0x09b50000, 0x0a600000, 0x14600000)
   the space 10944K,   5% used [0x09b50000, 0x09becb20, 0x09becc00, 0x0a600000)
 Metaspace       used 2042K, capacity 2472K, committed 2496K, reserved 4480K
Event: 34.140 GC heap after
Heap after GC invocations=18 (full 0):
 def new generation   total 4928K, used 13K [0x04600000, 0x04b50000, 0x09b50000)
  eden space 4416K,   0% used [0x04600000, 0x04600000, 0x04a50000)
  from space 512K,   2% used [0x04a50000, 0x04a53598, 0x04ad0000)
  to   space 512K,   0% used [0x04ad0000, 0x04ad0000, 0x04b50000)
 tenured generation   total 10944K, used 627K [0x09b50000, 0x0a600000, 0x14600000)
   the space 10944K,   5% used [0x09b50000, 0x09becc20, 0x09bece00, 0x0a600000)
 Metaspace       used 2042K, capacity 2472K, committed 2496K, reserved 4480K
}
Event: 35.031 GC heap before
{Heap before GC invocations=18 (full 0):
 def new generation   total 4928K, used 4429K [0x04600000, 0x04b50000, 0x09b50000)
  eden space 4416K, 100% used [0x04600000, 0x04a50000, 0x04a50000)
  from space 512K,   2% used [0x04a50000, 0x04a53598, 0x04ad0000)
  to   space 512K,   0% used [0x04ad0000, 0x04ad0000, 0x04b50000)
 tenured generation   total 10944K, used 627K [0x09b50000, 0x0a600000, 0x14600000)
   the space 10944K,   5% used [0x09b50000, 0x09becc20, 0x09bece00, 0x0a600000)
 Metaspace       used 2042K, capacity 2472K, committed 2496K, reserved 4480K
Event: 35.032 GC heap after
Heap after GC invocations=19 (full 0):
 def new generation   total 4928K, used 12K [0x04600000, 0x04b50000, 0x09b50000)
  eden space 4416K,   0% used [0x04600000, 0x04600000, 0x04a50000)
  from space 512K,   2% used [0x04ad0000, 0x04ad3248, 0x04b50000)
  to   space 512K,   0% used [0x04a50000, 0x04a50000, 0x04ad0000)
 tenured generation   total 10944K, used 627K [0x09b50000, 0x0a600000, 0x14600000)
   the space 10944K,   5% used [0x09b50000, 0x09becd80, 0x09bece00, 0x0a600000)
 Metaspace       used 2042K, capacity 2472K, committed 2496K, reserved 4480K
}
Event: 35.991 GC heap before
{Heap before GC invocations=19 (full 0):
 def new generation   total 4928K, used 4428K [0x04600000, 0x04b50000, 0x09b50000)
  eden space 4416K, 100% used [0x04600000, 0x04a50000, 0x04a50000)
  from space 512K,   2% used [0x04ad0000, 0x04ad3248, 0x04b50000)
  to   space 512K,   0% used [0x04a50000, 0x04a50000, 0x04ad0000)
 tenured generation   total 10944K, used 627K [0x09b50000, 0x0a600000, 0x14600000)
   the space 10944K,   5% used [0x09b50000, 0x09becd80, 0x09bece00, 0x0a600000)
 Metaspace       used 2042K, capacity 2472K, committed 2496K, reserved 4480K
Event: 35.991 GC heap after
Heap after GC invocations=20 (full 0):
 def new generation   total 4928K, used 11K [0x04600000, 0x04b50000, 0x09b50000)
  eden space 4416K,   0% used [0x04600000, 0x04600000, 0x04a50000)
  from space 512K,   2% used [0x04a50000, 0x04a52e58, 0x04ad0000)
  to   space 512K,   0% used [0x04ad0000, 0x04ad0000, 0x04b50000)
 tenured generation   total 10944K, used 629K [0x09b50000, 0x0a600000, 0x14600000)
   the space 10944K,   5% used [0x09b50000, 0x09bed5d8, 0x09bed600, 0x0a600000)
 Metaspace       used 2042K, capacity 2472K, committed 2496K, reserved 4480K
}
Event: 37.683 GC heap before
{Heap before GC invocations=20 (full 0):
 def new generation   total 4928K, used 4427K [0x04600000, 0x04b50000, 0x09b50000)
  eden space 4416K, 100% used [0x04600000, 0x04a50000, 0x04a50000)
  from space 512K,   2% used [0x04a50000, 0x04a52e58, 0x04ad0000)
  to   space 512K,   0% used [0x04ad0000, 0x04ad0000, 0x04b50000)
 tenured generation   total 10944K, used 629K [0x09b50000, 0x0a600000, 0x14600000)
   the space 10944K,   5% used [0x09b50000, 0x09bed5d8, 0x09bed600, 0x0a600000)
 Metaspace       used 2042K, capacity 2472K, committed 2496K, reserved 4480K
Event: 37.683 GC heap after
Heap after GC invocations=21 (full 0):
 def new generation   total 4928K, used 6K [0x04600000, 0x04b50000, 0x09b50000)
  eden space 4416K,   0% used [0x04600000, 0x04600000, 0x04a50000)
  from space 512K,   1% used [0x04ad0000, 0x04ad18d0, 0x04b50000)
  to   space 512K,   0% used [0x04a50000, 0x04a50000, 0x04ad0000)
 tenured generation   total 10944K, used 634K [0x09b50000, 0x0a600000, 0x14600000)
   the space 10944K,   5% used [0x09b50000, 0x09bee938, 0x09beea00, 0x0a600000)
 Metaspace       used 2042K, capacity 2472K, committed 2496K, reserved 4480K
}

